2017-02-23 13:35:12,408 [Worker-12] INFO  o.e.m.c.i.l.LifecycleMappingFactory - Using org.eclipse.m2e.jdt.JarLifecycleMapping lifecycle mapping for MavenProject: restoran:restoran:0.0.1-SNAPSHOT @ C:\Users\Stefan\Desktop\ISAP\isa2016\restoran\pom.xml.
2017-02-23 13:35:20,863 [Worker-12] INFO  o.e.m.j.i.AbstractJavaProjectConfigurator - Adding source folder /restoran/src/main/java
2017-02-23 13:35:20,864 [Worker-12] INFO  o.e.m.j.i.AbstractJavaProjectConfigurator - Adding resource folder /restoran/src/main/resources
2017-02-23 13:35:20,866 [Worker-12] INFO  o.e.m.j.i.AbstractJavaProjectConfigurator - Adding resource folder /restoran/src/main/resources
2017-02-23 13:35:20,868 [Worker-12] INFO  o.e.m.j.i.AbstractJavaProjectConfigurator - Adding source folder /restoran/src/test/java
2017-02-23 13:35:21,399 [Worker-12] INFO  o.e.m.c.i.p.ProjectConfigurationManager - Imported and configured 1 project(s) in 20 sec
2017-02-23 13:35:29,680 [Worker-14] INFO  o.e.m.c.i.embedder.EclipseLogger - Using 'UTF-8' encoding to copy filtered resources.
2017-02-23 13:35:29,699 [Worker-14] INFO  o.e.m.c.i.embedder.EclipseLogger - Copying 1 resource
2017-02-23 13:35:29,735 [Worker-14] INFO  o.e.m.c.i.embedder.EclipseLogger - Copying 62 resources
2017-02-23 13:35:29,897 [Worker-14] INFO  o.e.m.c.i.embedder.EclipseLogger - Using 'UTF-8' encoding to copy filtered resources.
2017-02-23 13:35:29,897 [Worker-14] INFO  o.e.m.c.i.embedder.EclipseLogger - skip non existing resourceDirectory C:\Users\Stefan\Desktop\ISAP\isa2016\restoran\src\test\resources
2017-02-23 13:36:02,996 [Worker-9] INFO  o.e.m.c.i.embedder.EclipseLogger - Using 'UTF-8' encoding to copy filtered resources.
2017-02-23 13:36:03,010 [Worker-9] INFO  o.e.m.c.i.embedder.EclipseLogger - Copying 1 resource
2017-02-23 13:36:03,024 [Worker-9] INFO  o.e.m.c.i.embedder.EclipseLogger - Copying 62 resources
2017-02-23 13:36:03,039 [Worker-9] INFO  o.e.m.c.i.embedder.EclipseLogger - Using 'UTF-8' encoding to copy filtered resources.
2017-02-23 13:36:03,039 [Worker-9] INFO  o.e.m.c.i.embedder.EclipseLogger - skip non existing resourceDirectory C:\Users\Stefan\Desktop\ISAP\isa2016\restoran\src\test\resources
2017-02-23 13:36:38,309 [Worker-12] INFO  o.e.m.c.i.embedder.EclipseLogger - Using 'UTF-8' encoding to copy filtered resources.
2017-02-23 13:36:38,323 [Worker-12] INFO  o.e.m.c.i.embedder.EclipseLogger - Copying 1 resource
2017-02-23 13:36:38,337 [Worker-12] INFO  o.e.m.c.i.embedder.EclipseLogger - Copying 62 resources
2017-02-23 13:36:38,352 [Worker-12] INFO  o.e.m.c.i.embedder.EclipseLogger - Using 'UTF-8' encoding to copy filtered resources.
2017-02-23 13:36:38,352 [Worker-12] INFO  o.e.m.c.i.embedder.EclipseLogger - skip non existing resourceDirectory C:\Users\Stefan\Desktop\ISAP\isa2016\restoran\src\test\resources
2017-02-23 13:37:54,242 [Worker-4] INFO  o.e.m.c.i.embedder.EclipseLogger - Using 'UTF-8' encoding to copy filtered resources.
2017-02-23 13:37:54,253 [Worker-4] INFO  o.e.m.c.i.embedder.EclipseLogger - Copying 1 resource
2017-02-23 13:37:54,275 [Worker-4] INFO  o.e.m.c.i.embedder.EclipseLogger - Copying 62 resources
2017-02-23 13:37:54,295 [Worker-4] INFO  o.e.m.c.i.embedder.EclipseLogger - Using 'UTF-8' encoding to copy filtered resources.
2017-02-23 13:37:54,296 [Worker-4] INFO  o.e.m.c.i.embedder.EclipseLogger - skip non existing resourceDirectory C:\Users\Stefan\Desktop\ISAP\isa2016\restoran\src\test\resources
2017-02-23 13:38:33,155 [Worker-3] INFO  o.e.m.c.i.embedder.EclipseLogger - Using 'UTF-8' encoding to copy filtered resources.
2017-02-23 13:38:33,165 [Worker-3] INFO  o.e.m.c.i.embedder.EclipseLogger - Copying 1 resource
2017-02-23 13:38:33,176 [Worker-3] INFO  o.e.m.c.i.embedder.EclipseLogger - Copying 62 resources
2017-02-23 13:38:33,190 [Worker-3] INFO  o.e.m.c.i.embedder.EclipseLogger - Using 'UTF-8' encoding to copy filtered resources.
2017-02-23 13:38:33,191 [Worker-3] INFO  o.e.m.c.i.embedder.EclipseLogger - skip non existing resourceDirectory C:\Users\Stefan\Desktop\ISAP\isa2016\restoran\src\test\resources
2017-02-23 13:39:58,095 [Worker-0] INFO  o.e.m.c.i.embedder.EclipseLogger - Using 'UTF-8' encoding to copy filtered resources.
2017-02-23 13:39:58,098 [Worker-0] INFO  o.e.m.c.i.embedder.EclipseLogger - Copying 0 resource
2017-02-23 13:39:58,099 [Worker-0] INFO  o.e.m.c.i.embedder.EclipseLogger - Copying 7 resources
2017-02-23 13:39:58,121 [Worker-0] INFO  o.e.m.c.i.embedder.EclipseLogger - Using 'UTF-8' encoding to copy filtered resources.
2017-02-23 13:39:58,121 [Worker-0] INFO  o.e.m.c.i.embedder.EclipseLogger - skip non existing resourceDirectory C:\Users\Stefan\Desktop\ISAP\isa2016\restoran\src\test\resources
2017-02-23 13:41:04,852 [Worker-11] INFO  o.e.m.c.i.embedder.EclipseLogger - Using 'UTF-8' encoding to copy filtered resources.
2017-02-23 13:41:04,852 [Worker-11] INFO  o.e.m.c.i.embedder.EclipseLogger - Copying 0 resource
2017-02-23 13:41:04,853 [Worker-11] INFO  o.e.m.c.i.embedder.EclipseLogger - Copying 1 resource
2017-02-23 13:41:04,861 [Worker-11] INFO  o.e.m.c.i.embedder.EclipseLogger - Using 'UTF-8' encoding to copy filtered resources.
2017-02-23 13:41:04,861 [Worker-11] INFO  o.e.m.c.i.embedder.EclipseLogger - skip non existing resourceDirectory C:\Users\Stefan\Desktop\ISAP\isa2016\restoran\src\test\resources
2017-02-23 13:41:43,045 [Worker-12] INFO  o.e.m.c.i.embedder.EclipseLogger - Using 'UTF-8' encoding to copy filtered resources.
2017-02-23 13:41:43,046 [Worker-12] INFO  o.e.m.c.i.embedder.EclipseLogger - Copying 0 resource
2017-02-23 13:41:43,047 [Worker-12] INFO  o.e.m.c.i.embedder.EclipseLogger - Copying 1 resource
2017-02-23 13:41:43,056 [Worker-12] INFO  o.e.m.c.i.embedder.EclipseLogger - Using 'UTF-8' encoding to copy filtered resources.
2017-02-23 13:41:43,056 [Worker-12] INFO  o.e.m.c.i.embedder.EclipseLogger - skip non existing resourceDirectory C:\Users\Stefan\Desktop\ISAP\isa2016\restoran\src\test\resources
2017-02-23 13:42:15,256 [Worker-14] INFO  o.e.m.c.i.embedder.EclipseLogger - Using 'UTF-8' encoding to copy filtered resources.
2017-02-23 13:42:15,257 [Worker-14] INFO  o.e.m.c.i.embedder.EclipseLogger - Copying 0 resource
2017-02-23 13:42:15,258 [Worker-14] INFO  o.e.m.c.i.embedder.EclipseLogger - Copying 1 resource
2017-02-23 13:42:15,263 [Worker-14] INFO  o.e.m.c.i.embedder.EclipseLogger - Using 'UTF-8' encoding to copy filtered resources.
2017-02-23 13:42:15,263 [Worker-14] INFO  o.e.m.c.i.embedder.EclipseLogger - skip non existing resourceDirectory C:\Users\Stefan\Desktop\ISAP\isa2016\restoran\src\test\resources
2017-02-23 13:43:54,905 [Worker-3] INFO  o.e.m.c.i.embedder.EclipseLogger - Using 'UTF-8' encoding to copy filtered resources.
2017-02-23 13:43:54,906 [Worker-3] INFO  o.e.m.c.i.embedder.EclipseLogger - Copying 0 resource
2017-02-23 13:43:54,907 [Worker-3] INFO  o.e.m.c.i.embedder.EclipseLogger - Copying 1 resource
2017-02-23 13:43:54,912 [Worker-3] INFO  o.e.m.c.i.embedder.EclipseLogger - Using 'UTF-8' encoding to copy filtered resources.
2017-02-23 13:43:54,912 [Worker-3] INFO  o.e.m.c.i.embedder.EclipseLogger - skip non existing resourceDirectory C:\Users\Stefan\Desktop\ISAP\isa2016\restoran\src\test\resources
2017-02-23 13:47:07,700 [Worker-6] INFO  o.e.m.c.i.embedder.EclipseLogger - Using 'UTF-8' encoding to copy filtered resources.
2017-02-23 13:47:07,701 [Worker-6] INFO  o.e.m.c.i.embedder.EclipseLogger - Copying 0 resource
2017-02-23 13:47:07,702 [Worker-6] INFO  o.e.m.c.i.embedder.EclipseLogger - Copying 1 resource
2017-02-23 13:47:07,707 [Worker-6] INFO  o.e.m.c.i.embedder.EclipseLogger - Using 'UTF-8' encoding to copy filtered resources.
2017-02-23 13:47:07,708 [Worker-6] INFO  o.e.m.c.i.embedder.EclipseLogger - skip non existing resourceDirectory C:\Users\Stefan\Desktop\ISAP\isa2016\restoran\src\test\resources
